<?xml version="1.0" encoding="UTF-8"?>
<testsuite name="com.motionparts.ecommerce.MotionPartsApplicationTests" tests="1" skipped="0" failures="0" errors="0" timestamp="2025-05-22T20:08:31.667Z" hostname="juan-Lenovo-V14-G2-ALC" time="0.597">
  <properties/>
  <testcase name="contextLoads()" classname="com.motionparts.ecommerce.MotionPartsApplicationTests" time="0.597"/>
  <system-out><![CDATA[15:08:29.077 [Test worker] INFO org.springframework.test.context.support.AnnotationConfigContextLoaderUtils -- Could not detect default configuration classes for test class [com.motionparts.ecommerce.MotionPartsApplicationTests]: MotionPartsApplicationTests does not declare any static, non-private, non-final, nested classes annotated with @Configuration.
15:08:29.215 [Test worker] INFO org.springframework.boot.test.context.SpringBootTestContextBootstrapper -- Found @SpringBootConfiguration com.motionparts.ecommerce.MotionPartsApplication for test class com.motionparts.ecommerce.MotionPartsApplicationTests

  .   ____          _            __ _ _
 /\\ / ___'_ __ _ _(_)_ __  __ _ \ \ \ \
( ( )\___ | '_ | '_| | '_ \/ _` | \ \ \ \
 \\/  ___)| |_)| | | | | || (_| |  ) ) ) )
  '  |____| .__|_| |_|_| |_\__, | / / / /
 =========|_|==============|___/=/_/_/_/

 :: Spring Boot ::                (v3.4.5)

2025-05-22T15:08:29.689-05:00  INFO 33815 --- [MotionParts] [    Test worker] c.m.e.MotionPartsApplicationTests        : Starting MotionPartsApplicationTests using Java 21 with PID 33815 (started by juan in /home/juan/Documents/code/Juan/proyects/SENA/MotionParts-Backend-mongodb)
2025-05-22T15:08:29.691-05:00  INFO 33815 --- [MotionParts] [    Test worker] c.m.e.MotionPartsApplicationTests        : No active profile set, falling back to 1 default profile: "default"
2025-05-22T15:08:30.291-05:00  INFO 33815 --- [MotionParts] [    Test worker] .s.d.r.c.RepositoryConfigurationDelegate : Bootstrapping Spring Data MongoDB repositories in DEFAULT mode.
2025-05-22T15:08:30.333-05:00  INFO 33815 --- [MotionParts] [    Test worker] .s.d.r.c.RepositoryConfigurationDelegate : Finished Spring Data repository scanning in 37 ms. Found 1 MongoDB repository interface.
2025-05-22T15:08:30.747-05:00  INFO 33815 --- [MotionParts] [    Test worker] org.mongodb.driver.client                : MongoClient with metadata {"driver": {"name": "mongo-java-driver|sync|spring-boot", "version": "5.2.1"}, "os": {"type": "Linux", "name": "Linux", "architecture": "amd64", "version": "6.11.0-26-generic"}, "platform": "Java/Eclipse Adoptium/21+35-LTS"} created with settings MongoClientSettings{readPreference=primary, writeConcern=WriteConcern{w=null, wTimeout=null ms, journal=null}, retryWrites=true, retryReads=true, readConcern=ReadConcern{level=null}, credential=null, transportSettings=null, commandListeners=[], codecRegistry=ProvidersCodecRegistry{codecProviders=[ValueCodecProvider{}, BsonValueCodecProvider{}, DBRefCodecProvider{}, DBObjectCodecProvider{}, DocumentCodecProvider{}, CollectionCodecProvider{}, IterableCodecProvider{}, MapCodecProvider{}, GeoJsonCodecProvider{}, GridFSFileCodecProvider{}, Jsr310CodecProvider{}, JsonObjectCodecProvider{}, BsonCodecProvider{}, EnumCodecProvider{}, com.mongodb.client.model.mql.ExpressionCodecProvider@5fed9976, com.mongodb.Jep395RecordCodecProvider@3fdcde7a, com.mongodb.KotlinCodecProvider@4f363abd]}, loggerSettings=LoggerSettings{maxDocumentLength=1000}, clusterSettings={hosts=[localhost:27017], srvServiceName=mongodb, mode=SINGLE, requiredClusterType=UNKNOWN, requiredReplicaSetName='null', serverSelector='null', clusterListeners='[]', serverSelectionTimeout='30000 ms', localThreshold='15 ms'}, socketSettings=SocketSettings{connectTimeoutMS=10000, readTimeoutMS=0, receiveBufferSize=0, proxySettings=ProxySettings{host=null, port=null, username=null, password=null}}, heartbeatSocketSettings=SocketSettings{connectTimeoutMS=10000, readTimeoutMS=10000, receiveBufferSize=0, proxySettings=ProxySettings{host=null, port=null, username=null, password=null}}, connectionPoolSettings=ConnectionPoolSettings{maxSize=100, minSize=0, maxWaitTimeMS=120000, maxConnectionLifeTimeMS=0, maxConnectionIdleTimeMS=0, maintenanceInitialDelayMS=0, maintenanceFrequencyMS=60000, connectionPoolListeners=[], maxConnecting=2}, serverSettings=ServerSettings{heartbeatFrequencyMS=10000, minHeartbeatFrequencyMS=500, serverMonitoringMode=AUTO, serverListeners='[]', serverMonitorListeners='[]'}, sslSettings=SslSettings{enabled=false, invalidHostNameAllowed=false, context=null}, applicationName='null', compressorList=[], uuidRepresentation=JAVA_LEGACY, serverApi=null, autoEncryptionSettings=null, dnsClient=null, inetAddressResolver=null, contextProvider=null, timeoutMS=null}
2025-05-22T15:08:30.777-05:00  INFO 33815 --- [MotionParts] [localhost:27017] org.mongodb.driver.cluster               : Monitor thread successfully connected to server with description ServerDescription{address=localhost:27017, type=STANDALONE, cryptd=false, state=CONNECTED, ok=true, minWireVersion=0, maxWireVersion=25, maxDocumentSize=16777216, logicalSessionTimeoutMinutes=30, roundTripTimeNanos=28621369, minRoundTripTimeNanos=0}
2025-05-22T15:08:31.101-05:00  WARN 33815 --- [MotionParts] [    Test worker] .s.s.UserDetailsServiceAutoConfiguration : 

Using generated security password: e1b4983f-1a5b-4e2c-9c1a-80ff46421de9

This generated password is for development use only. Your security configuration must be updated before running your application in production.

2025-05-22T15:08:31.107-05:00  INFO 33815 --- [MotionParts] [    Test worker] r$InitializeUserDetailsManagerConfigurer : Global AuthenticationManager configured with UserDetailsService bean with name inMemoryUserDetailsManager
2025-05-22T15:08:31.647-05:00  INFO 33815 --- [MotionParts] [    Test worker] c.m.e.MotionPartsApplicationTests        : Started MotionPartsApplicationTests in 2.252 seconds (process running for 3.986)
]]></system-out>
  <system-err><![CDATA[Mockito is currently self-attaching to enable the inline-mock-maker. This will no longer work in future releases of the JDK. Please add Mockito as an agent to your build what is described in Mockito's documentation: https://javadoc.io/doc/org.mockito/mockito-core/latest/org/mockito/Mockito.html#0.3
WARNING: A Java agent has been loaded dynamically (/home/juan/.gradle/caches/modules-2/files-2.1/net.bytebuddy/byte-buddy-agent/1.15.11/a38b16385e867f59a641330f0362ebe742788ed8/byte-buddy-agent-1.15.11.jar)
WARNING: If a serviceability tool is in use, please run with -XX:+EnableDynamicAgentLoading to hide this warning
WARNING: If a serviceability tool is not in use, please run with -Djdk.instrument.traceUsage for more information
WARNING: Dynamic loading of agents will be disallowed by default in a future release
]]></system-err>
</testsuite>
